<?xml version="1.0" encoding="UTF-8"?>
<testng-results skipped="0" failed="1" total="1" passed="0">
  <reporter-output>
  </reporter-output>
  <suite name="Default suite" duration-ms="4410" started-at="2021-03-07T06:44:29Z" finished-at="2021-03-07T06:44:33Z">
    <groups>
    </groups>
    <test name="Default test" duration-ms="4410" started-at="2021-03-07T06:44:29Z" finished-at="2021-03-07T06:44:33Z">
      <class name="soapui.XMLScemavalidator">
        <test-method status="FAIL" signature="xmlScemavalidator()[pri:1, instance:soapui.XMLScemavalidator@af6cff]" name="xmlScemavalidator" duration-ms="4391" started-at="2021-03-07T12:14:29Z" finished-at="2021-03-07T12:14:33Z">
          <exception class="groovy.lang.GroovyRuntimeException">
            <message>
              <![CDATA[Ambiguous method overloading for method io.restassured.internal.matcher.xml.XmlXsdMatcher#matchesXsd.
Cannot resolve which method to invoke for [null] due to overlapping prototypes between:
	[class java.io.File]
	[class java.io.InputStream]
	[class java.io.Reader]
	[class java.lang.String]
	[class java.net.URL]]]>
            </message>
            <full-stacktrace>
              <![CDATA[groovy.lang.GroovyRuntimeException: Ambiguous method overloading for method io.restassured.internal.matcher.xml.XmlXsdMatcher#matchesXsd.
Cannot resolve which method to invoke for [null] due to overlapping prototypes between:
	[class java.io.File]
	[class java.io.InputStream]
	[class java.io.Reader]
	[class java.lang.String]
	[class java.net.URL]
	at groovy.lang.MetaClassImpl.doChooseMostSpecificParams(MetaClassImpl.java:3279)
	at groovy.lang.MetaClassImpl.chooseMostSpecificParams(MetaClassImpl.java:3256)
	at groovy.lang.MetaClassImpl.chooseMethodInternal(MetaClassImpl.java:3245)
	at groovy.lang.MetaClassImpl.chooseMethod(MetaClassImpl.java:3188)
	at groovy.lang.MetaClassImpl.pickStaticMethod(MetaClassImpl.java:1535)
	at groovy.lang.MetaClassImpl.retrieveStaticMethod(MetaClassImpl.java:1431)
	at groovy.lang.MetaClassImpl.createStaticSite(MetaClassImpl.java:3447)
	at org.codehaus.groovy.runtime.callsite.CallSiteArray.createCallStaticSite(CallSiteArray.java:76)
	at org.codehaus.groovy.runtime.callsite.CallSiteArray.defaultCallStatic(CallSiteArray.java:55)
	at org.codehaus.groovy.runtime.callsite.AbstractCallSite.callStatic(AbstractCallSite.java:196)
	at org.codehaus.groovy.runtime.callsite.AbstractCallSite.callStatic(AbstractCallSite.java:208)
	at io.restassured.internal.matcher.xml.XmlXsdMatcher.matchesXsdInClasspath(XmlXsdMatcher.groovy:95)
	at io.restassured.matcher.RestAssuredMatchers.matchesXsdInClasspath(RestAssuredMatchers.java:83)
	at soapui.XMLScemavalidator.xmlScemavalidator(XMLScemavalidator.java:37)
	at sun.reflect.NativeMethodAccessorImpl.invoke0(Native Method)
	at sun.reflect.NativeMethodAccessorImpl.invoke(NativeMethodAccessorImpl.java:62)
	at sun.reflect.DelegatingMethodAccessorImpl.invoke(DelegatingMethodAccessorImpl.java:43)
	at java.lang.reflect.Method.invoke(Method.java:498)
	at org.testng.internal.MethodInvocationHelper.invokeMethod(MethodInvocationHelper.java:85)
	at org.testng.internal.Invoker.invokeMethod(Invoker.java:639)
	at org.testng.internal.Invoker.invokeTestMethod(Invoker.java:816)
	at org.testng.internal.Invoker.invokeTestMethods(Invoker.java:1124)
	at org.testng.internal.TestMethodWorker.invokeTestMethods(TestMethodWorker.java:125)
	at org.testng.internal.TestMethodWorker.run(TestMethodWorker.java:108)
	at org.testng.TestRunner.privateRun(TestRunner.java:774)
	at org.testng.TestRunner.run(TestRunner.java:624)
	at org.testng.SuiteRunner.runTest(SuiteRunner.java:359)
	at org.testng.SuiteRunner.runSequentially(SuiteRunner.java:354)
	at org.testng.SuiteRunner.privateRun(SuiteRunner.java:312)
	at org.testng.SuiteRunner.run(SuiteRunner.java:261)
	at org.testng.SuiteRunnerWorker.runSuite(SuiteRunnerWorker.java:52)
	at org.testng.SuiteRunnerWorker.run(SuiteRunnerWorker.java:86)
	at org.testng.TestNG.runSuitesSequentially(TestNG.java:1215)
	at org.testng.TestNG.runSuitesLocally(TestNG.java:1140)
	at org.testng.TestNG.run(TestNG.java:1048)
	at org.testng.remote.RemoteTestNG.run(RemoteTestNG.java:112)
	at org.testng.remote.RemoteTestNG.initAndRun(RemoteTestNG.java:205)
	at org.testng.remote.RemoteTestNG.main(RemoteTestNG.java:176)
]]>
            </full-stacktrace>
          </exception> <!-- groovy.lang.GroovyRuntimeException -->
          <reporter-output>
          </reporter-output>
        </test-method> <!-- xmlScemavalidator -->
      </class> <!-- soapui.XMLScemavalidator -->
    </test> <!-- Default test -->
  </suite> <!-- Default suite -->
</testng-results>
